\BOOKMARK [1][-]{section.1}{Einführung}{}% 1
\BOOKMARK [1][-]{section.2}{Technologien}{}% 2
\BOOKMARK [2][-]{subsection.2.1}{Blattwerkzeug}{section.2}% 3
\BOOKMARK [2][-]{subsection.2.2}{Passwort\040Hashing}{section.2}% 4
\BOOKMARK [2][-]{subsection.2.3}{Sessions}{section.2}% 5
\BOOKMARK [2][-]{subsection.2.4}{JSON\040Web\040Token}{section.2}% 6
\BOOKMARK [3][-]{subsubsection.2.4.1}{Header}{subsection.2.4}% 7
\BOOKMARK [3][-]{subsubsection.2.4.2}{Payload}{subsection.2.4}% 8
\BOOKMARK [3][-]{subsubsection.2.4.3}{Signatur}{subsection.2.4}% 9
\BOOKMARK [3][-]{subsubsection.2.4.4}{Zusammengesetzes\040Token}{subsection.2.4}% 10
\BOOKMARK [2][-]{subsection.2.5}{Ruby\040on\040Rails}{section.2}% 11
\BOOKMARK [3][-]{subsubsection.2.5.1}{Routen}{subsection.2.5}% 12
\BOOKMARK [3][-]{subsubsection.2.5.2}{Controller}{subsection.2.5}% 13
\BOOKMARK [3][-]{subsubsection.2.5.3}{Model}{subsection.2.5}% 14
\BOOKMARK [3][-]{subsubsection.2.5.4}{View}{subsection.2.5}% 15
\BOOKMARK [3][-]{subsubsection.2.5.5}{Zusammenfassung}{subsection.2.5}% 16
\BOOKMARK [2][-]{subsection.2.6}{Angular}{section.2}% 17
\BOOKMARK [3][-]{subsubsection.2.6.1}{Component}{subsection.2.6}% 18
\BOOKMARK [3][-]{subsubsection.2.6.2}{Services}{subsection.2.6}% 19
\BOOKMARK [3][-]{subsubsection.2.6.3}{Module}{subsection.2.6}% 20
\BOOKMARK [2][-]{subsection.2.7}{oAuth2}{section.2}% 21
\BOOKMARK [1][-]{section.3}{Anforderungsanalyse}{}% 22
\BOOKMARK [2][-]{subsection.3.1}{Derzeitiges\040Projekt}{section.3}% 23
\BOOKMARK [3][-]{subsubsection.3.1.1}{Client}{subsection.3.1}% 24
\BOOKMARK [3][-]{subsubsection.3.1.2}{Server}{subsection.3.1}% 25
\BOOKMARK [2][-]{subsection.3.2}{Anforderungen}{section.3}% 26
\BOOKMARK [3][-]{subsubsection.3.2.1}{Unterschiedliche Anmeldemöglichkeiten}{subsection.3.2}% 27
\BOOKMARK [3][-]{subsubsection.3.2.2}{Anmeldung\040mittels\040oAuth2}{subsection.3.2}% 28
\BOOKMARK [3][-]{subsubsection.3.2.3}{Anmeldung\040mittels\040Passwortes}{subsection.3.2}% 29
\BOOKMARK [3][-]{subsubsection.3.2.4}{Authentifizierung\040nach\040Anmeldung}{subsection.3.2}% 30
\BOOKMARK [3][-]{subsubsection.3.2.5}{Sicherheit\040und\040Login}{subsection.3.2}% 31
\BOOKMARK [3][-]{subsubsection.3.2.6}{Rollen\040und\040Autorisierung}{subsection.3.2}% 32
\BOOKMARK [3][-]{subsubsection.3.2.7}{Bedienelemente\040und\040Routen}{subsection.3.2}% 33
\BOOKMARK [1][-]{section.4}{Implementierung}{}% 34
\BOOKMARK [2][-]{subsection.4.1}{Server}{section.4}% 35
\BOOKMARK [3][-]{subsubsection.4.1.1}{Devise}{subsection.4.1}% 36
\BOOKMARK [3][-]{subsubsection.4.1.2}{Omniauth}{subsection.4.1}% 37
\BOOKMARK [3][-]{subsubsection.4.1.3}{Pundit}{subsection.4.1}% 38
\BOOKMARK [3][-]{subsubsection.4.1.4}{Rolify}{subsection.4.1}% 39
\BOOKMARK [3][-]{subsubsection.4.1.5}{Anmeldung\040eines\040Benutzers}{subsection.4.1}% 40
\BOOKMARK [3][-]{subsubsection.4.1.6}{Autorisierung}{subsection.4.1}% 41
\BOOKMARK [3][-]{subsubsection.4.1.7}{may_perform}{subsection.4.1}% 42
\BOOKMARK [3][-]{subsubsection.4.1.8}{Sicherheit\040und\040Login}{subsection.4.1}% 43
\BOOKMARK [2][-]{subsection.4.2}{Client}{section.4}% 44
\BOOKMARK [3][-]{subsubsection.4.2.1}{Nebular}{subsection.4.2}% 45
\BOOKMARK [3][-]{subsubsection.4.2.2}{Dialog\040zur\040Anmeldung/Registrierung}{subsection.4.2}% 46
\BOOKMARK [3][-]{subsubsection.4.2.3}{Speichern\040eines\040JWT}{subsection.4.2}% 47
\BOOKMARK [3][-]{subsubsection.4.2.4}{Sicherheit\040und\040Login}{subsection.4.2}% 48
\BOOKMARK [3][-]{subsubsection.4.2.5}{Wrapper-Komponenten}{subsection.4.2}% 49
\BOOKMARK [3][-]{subsubsection.4.2.6}{Routing-Guards}{subsection.4.2}% 50
\BOOKMARK [1][-]{section.5}{Fazit}{}% 51
\BOOKMARK [2][-]{subsection.5.1}{Erreichte\040Ziele}{section.5}% 52
\BOOKMARK [2][-]{subsection.5.2}{Ausblick}{section.5}% 53
